START 0
{ 0
VARIABLES 0
a 0
: 0
int 0
; 0
i 6
: 0
int 0
; 0
ok 8
: 0
boolean 0
; 0
prime 10
: 0
string 0
; 0
notprime 9
: 0
string 0
; 0
BEGIN 0
READ 0
( 0
a 0
) 0
i 6
:= 0
2 -1
; 0
ok 8
:= 0
false 7
; 0
prime 10
:= 0
"prime" -1
; 0
notprime 9
:= 0
"notprime" -1
; 0
WHILE 0
i 6
<= 0
a 0
/ 0
2 -1
DO 0
IF 0
a 0
% 0
i 6
== 0
0 -1
THEN 0
ok 8
:= 0
true 11
; 0
FI 0
i 6
:= 0
i 6
+ 0
1 -1
; 0
DONE 0
IF 0
ok 8
== 0
true 11
THEN 0
WRITE 0
( 0
prime 10
) 0
; 0
ELSE 0
WRITE 0
( 0
notprime 9
) 0
; 0
FI 0
END 0
} 0
